<?xml version="1.0" encoding="UTF-8"?>
<!-- Generated by org.testng.reporters.JUnitReportReporter -->
<testsuite hostname="DESKTOP-CSE7PO0" failures="0" tests="1" name="swagger.UI.Swagger.API.Tests.Tests" time="1.941" errors="0" timestamp="2022-07-26T19:08:27 EET" skipped="0">
  <testcase classname="swagger.UI.Swagger.API.Tests.Tests" name="activitiesGetMethodTest" time="1.941"/>
  <system-out/>
</testsuite> <!-- swagger.UI.Swagger.API.Tests.Tests -->
